[12:20:02] [ServerMain/INFO]: Environment: Environment[sessionHost=https://sessionserver.mojang.com, servicesHost=https://api.minecraftservices.com, profilesHost=https://api.mojang.com, name=PROD]
[12:20:04] [ServerMain/INFO]: Loaded 1515 recipes
[12:20:04] [ServerMain/INFO]: Loaded 1617 advancements
[12:20:04] [Server thread/INFO]: Starting minecraft server version 26.1.1
[12:20:04] [Server thread/INFO]: Loading properties
[12:20:04] [Server thread/INFO]: Default game type: SURVIVAL
[12:20:04] [Server thread/INFO]: Generating keypair
[12:20:04] [Server thread/INFO]: Starting Minecraft server on *:25565
[12:20:04] [Server thread/INFO]: Preparing level "world"
[12:20:05] [Server thread/INFO]: Loading 0 persistent chunks...
[12:20:05] [Server thread/INFO]: Preparing spawn area: 100%
[12:20:05] [Server thread/INFO]: Time elapsed: 18 ms
[12:20:05] [Server thread/INFO]: Done (0.363s)! For help, type "help"
[12:20:05] [Server thread/INFO]: Saving chunks for level 'ServerLevel[world]'/minecraft:overworld
[12:20:05] [Server thread/INFO]: Saving chunks for level 'ServerLevel[world]'/minecraft:the_end
[12:20:05] [Server thread/INFO]: Saving chunks for level 'ServerLevel[world]'/minecraft:the_nether
[12:20:05] [Server thread/INFO]: ThreadedAnvilChunkStorage (world): All chunks are saved
[12:20:05] [Server thread/INFO]: ThreadedAnvilChunkStorage (DIM1): All chunks are saved
[12:20:05] [Server thread/INFO]: ThreadedAnvilChunkStorage (DIM-1): All chunks are saved
[12:20:05] [Server thread/INFO]: ThreadedAnvilChunkStorage: All dimensions are saved
[12:21:05] [Server thread/INFO]: Server empty for 60 seconds, pausing
